<?xml version="1.0" encoding="UTF-8"?>
<!-- Generated by org.testng.reporters.JUnitXMLReporter -->
<testsuite hostname="KULANDASAMYC" ignored="3" name="Default test" tests="5" failures="0" timestamp="09 Apr 2019 06:05:47 GMT" time="366.102" errors="0">
  <testcase name="executeRow1" time="28.96" classname="TestCases.UATserverPatch"/>
  <testcase name="executeRow2" time="3.791" classname="TestCases.UATserverPatch"/>
  <testcase name="executeRow3" time="73.333" classname="TestCases.UATserverPatch"/>
  <testcase name="executeRow4" time="13.994" classname="TestCases.UATserverPatch"/>
  <testcase name="executeRow5" time="75.104" classname="TestCases.UATserverPatch"/>
  <testcase name="executeRow6" time="0.0" classname="TestCases.UATserverPatch">
    <ignored/>
  </testcase> <!-- executeRow6 -->
  <testcase name="executeRow7" time="0.0" classname="TestCases.UATserverPatch">
    <ignored/>
  </testcase> <!-- executeRow7 -->
  <testcase name="executeRow8" time="0.0" classname="TestCases.UATserverPatch">
    <ignored/>
  </testcase> <!-- executeRow8 -->
</testsuite> <!-- Default test -->
