<?xml version="1.0" encoding="UTF-8"?>
<!-- Generated by org.testng.reporters.JUnitXMLReporter -->
<testsuite hostname="KULANDASAMYC" ignored="2" name="Test" tests="7" failures="0" timestamp="24 May 2019 08:32:21 GMT" time="700.305" errors="0">
  <testcase name="executeRow2to9" time="84.444" classname="TestCases.LEADserverPatch"/>
  <testcase name="executeRows14to17" time="70.595" classname="TestCases.LEADserverPatch"/>
  <testcase name="executeRow18to21" time="184.559" classname="TestCases.LEADserverPatch"/>
  <testcase name="executeRow30to33" time="60.826" classname="TestCases.LEADserverPatch"/>
  <testcase name="executeRow42to45" time="58.037" classname="TestCases.LEADserverPatch"/>
  <testcase name="executeRow46to49" time="131.966" classname="TestCases.LEADserverPatch"/>
  <testcase name="executeRow51to54" time="64.944" classname="TestCases.LEADserverPatch"/>
  <testcase name="executeRow34to37" time="0.0" classname="TestCases.LEADserverPatch">
    <ignored/>
  </testcase> <!-- executeRow34to37 -->
  <testcase name="executeRow10to13" time="0.0" classname="TestCases.LEADserverPatch">
    <ignored/>
  </testcase> <!-- executeRow10to13 -->
</testsuite> <!-- Test -->
